2018-07-09 19:55:50 +0000  Initial pipeline context: <IDEDistributionProcessingPipelineContext: 0x7ff36e974800; archive(resolved)='<IDEArchive: 0x7ff368153ba0>', distributionTask(resolved)='2', distributionMethod(resolved)='<IDEDistributionMethodDevelopmentSignedMac: 0x7ff369e32f40>', team(resolved)='<IDEProvisioningDisambiguatableBasicTeam: 0x7ff3781fa0e0; teamID='ZH497CA8QC', teamName='Blydro Klonk (Personal Team)', teamType='Personal Team', username='moonmiles@gmail.com', isFreeProvisioningTeam='1'>'>
	Chain (10, self inclusive):
	<IDEDistributionProcessingPipelineContext: 0x7ff36e974800; archive = '<IDEArchive: 0x7ff368153ba0>', distributionMethod='<IDEDistributionMethodDevelopmentSignedMac: 0x7ff369e32f40>', team='<IDEProvisioningDisambiguatableBasicTeam: 0x7ff3781fa0e0; teamID='ZH497CA8QC', teamName='Blydro Klonk (Personal Team)', teamType='Personal Team', username='moonmiles@gmail.com', isFreeProvisioningTeam='1'>'>
	<IDEDistributionProcessingPipelineContext: 0x7ff362222a10; archive = '<IDEArchive: 0x7ff368153ba0>', distributionMethod='<IDEDistributionMethodDevelopmentSignedMac: 0x7ff369e32f40>', team='<IDEProvisioningDisambiguatableBasicTeam: 0x7ff3781fa0e0; teamID='ZH497CA8QC', teamName='Blydro Klonk (Personal Team)', teamType='Personal Team', username='moonmiles@gmail.com', isFreeProvisioningTeam='1'>'>
	<IDEDistributionContext: 0x7ff37f3e0c40; archive = '<IDEArchive: 0x7ff368153ba0>', distributionMethod='<IDEDistributionMethodDevelopmentSignedMac: 0x7ff369e32f40>', team='<IDEProvisioningDisambiguatableBasicTeam: 0x7ff3781fa0e0; teamID='ZH497CA8QC', teamName='Blydro Klonk (Personal Team)', teamType='Personal Team', username='moonmiles@gmail.com', isFreeProvisioningTeam='1'>'>
	<IDEDistributionContext: 0x7ff367975af0; archive = '<IDEArchive: 0x7ff368153ba0>', distributionMethod='<IDEDistributionMethodDevelopmentSignedMac: 0x7ff369e32f40>', team='<IDEProvisioningDisambiguatableBasicTeam: 0x7ff3781fa0e0; teamID='ZH497CA8QC', teamName='Blydro Klonk (Personal Team)', teamType='Personal Team', username='moonmiles@gmail.com', isFreeProvisioningTeam='1'>'>
	<IDEDistributionContext: 0x7ff3623a27d0; archive = '<IDEArchive: 0x7ff368153ba0>', distributionMethod='<IDEDistributionMethodDevelopmentSignedMac: 0x7ff369e32f40>', team='<IDEProvisioningDisambiguatableBasicTeam: 0x7ff3781fa0e0; teamID='ZH497CA8QC', teamName='Blydro Klonk (Personal Team)', teamType='Personal Team', username='moonmiles@gmail.com', isFreeProvisioningTeam='1'>'>
	<IDEDistributionContext: 0x7ff362544650; archive = '<IDEArchive: 0x7ff368153ba0>', distributionMethod='<IDEDistributionMethodDevelopmentSignedMac: 0x7ff369e32f40>', team='<IDEProvisioningDisambiguatableBasicTeam: 0x7ff3781fa0e0; teamID='ZH497CA8QC', teamName='Blydro Klonk (Personal Team)', teamType='Personal Team', username='moonmiles@gmail.com', isFreeProvisioningTeam='1'>'>
	<IDEDistributionContext: 0x7ff36f2a5990; archive = '<IDEArchive: 0x7ff368153ba0>', distributionMethod='<IDEDistributionMethodDevelopmentSignedMac: 0x7ff369e32f40>', team='<IDEProvisioningDisambiguatableBasicTeam: 0x7ff3781fa0e0; teamID='ZH497CA8QC', teamName='Blydro Klonk (Personal Team)', teamType='Personal Team', username='moonmiles@gmail.com', isFreeProvisioningTeam='1'>'>
	<IDEDistributionContext: 0x7ff363feac00; archive = '<IDEArchive: 0x7ff368153ba0>', distributionMethod='<IDEDistributionMethodDevelopmentSignedMac: 0x7ff369e32f40>', team='(null)'>
	<IDEDistributionContext: 0x7ff34f910610; archive = '<IDEArchive: 0x7ff368153ba0>', distributionMethod='<IDEDistributionMethodDevelopmentSignedMac: 0x7ff369e32f40>', team='(null)'>
	<IDEDistributionContext: 0x7ff367936f60; archive = '<IDEArchive: 0x7ff368153ba0>', distributionMethod='(null)', team='(null)'>
</IDEDistributionProcessingPipelineContext: 0x7ff36e974800>
2018-07-09 19:55:50 +0000  Processing step: IDEDistributionCreateDestRootStep
2018-07-09 19:55:50 +0000  Processing step: IDEDistributionCopyItemStep
2018-07-09 19:55:50 +0000  Running /usr/bin/ditto '-V' '/Users/miles/Library/Developer/Xcode/Archives/2018-07-09/openIT 7-9-18, 3.55 PM.xcarchive/Products/Applications/openInFirefox.app' '/var/folders/sf/x886jph909g2wb0b5h79sjsw0000gn/T/XcodeDistPipeline.VLt/Root/Applications/openInFirefox.app'
2018-07-09 19:55:50 +0000  >>> Copying /Users/miles/Library/Developer/Xcode/Archives/2018-07-09/openIT 7-9-18, 3.55 PM.xcarchive/Products/Applications/openInFirefox.app 
2018-07-09 19:55:50 +0000  copying file ./Contents/_CodeSignature/CodeResources ... 
2018-07-09 19:55:50 +0000  7505 bytes for ./Contents/_CodeSignature/CodeResources
2018-07-09 19:55:50 +0000  copying file ./Contents/MacOS/openInFirefox ... 
2018-07-09 19:55:50 +0000  36080 bytes for ./Contents/MacOS/openInFirefox
2018-07-09 19:55:50 +0000  copying file ./Contents/PlugIns/openIT.appex/Contents/_CodeSignature/CodeResources ... 
2018-07-09 19:55:50 +0000  2714 bytes for ./Contents/PlugIns/openIT.appex/Contents/_CodeSignature/CodeResources
2018-07-09 19:55:50 +0000  copying file ./Contents/PlugIns/openIT.appex/Contents/MacOS/openIT ... 
2018-07-09 19:55:50 +0000  41424 bytes for ./Contents/PlugIns/openIT.appex/Contents/MacOS/openIT
2018-07-09 19:55:50 +0000  copying file ./Contents/PlugIns/openIT.appex/Contents/Resources/icon.icns ... 
2018-07-09 19:55:50 +0000  819631 bytes for ./Contents/PlugIns/openIT.appex/Contents/Resources/icon.icns
2018-07-09 19:55:50 +0000  copying file ./Contents/PlugIns/openIT.appex/Contents/Resources/Base.lproj/ShareViewController.nib ... 
11434 bytes for ./Contents/PlugIns/openIT.appex/Contents/Resources/Base.lproj/ShareViewController.nib
copying file ./Contents/PlugIns/openIT.appex/Contents/Info.plist ... 
1792 bytes for ./Contents/PlugIns/openIT.appex/Contents/Info.plist
2018-07-09 19:55:50 +0000  copying file ./Contents/Resources/AppIcon.icns ... 
2018-07-09 19:55:50 +0000  53164 bytes for ./Contents/Resources/AppIcon.icns
2018-07-09 19:55:50 +0000  copying file ./Contents/Resources/Base.lproj/MainMenu.nib ... 
2018-07-09 19:55:50 +0000  37109 bytes for ./Contents/Resources/Base.lproj/MainMenu.nib
2018-07-09 19:55:50 +0000  copying file ./Contents/Resources/Assets.car ... 
2018-07-09 19:55:50 +0000  402888 bytes for ./Contents/Resources/Assets.car
2018-07-09 19:55:50 +0000  copying file ./Contents/Frameworks/libswiftAppKit.dylib ... 
2018-07-09 19:55:50 +0000  166640 bytes for ./Contents/Frameworks/libswiftAppKit.dylib
copying file ./Contents/Frameworks/libswiftCoreImage.dylib ... 
2018-07-09 19:55:50 +0000  40128 bytes for ./Contents/Frameworks/libswiftCoreImage.dylib
copying file ./Contents/Frameworks/libswiftObjectiveC.dylib ... 
2018-07-09 19:55:50 +0000  60720 bytes for ./Contents/Frameworks/libswiftObjectiveC.dylib
2018-07-09 19:55:50 +0000  copying file ./Contents/Frameworks/libswiftXPC.dylib ... 
2018-07-09 19:55:50 +0000  35744 bytes for ./Contents/Frameworks/libswiftXPC.dylib
copying file ./Contents/Frameworks/libswiftCore.dylib ... 
2018-07-09 19:55:50 +0000  6151568 bytes for ./Contents/Frameworks/libswiftCore.dylib
copying file ./Contents/Frameworks/libswiftCoreGraphics.dylib ... 
2018-07-09 19:55:50 +0000  2018-07-09 19:55:50 +0000  /usr/bin/ditto exited with 0
2018-07-09 19:55:50 +0000  187952 bytes for ./Contents/Frameworks/libswiftCoreGraphics.dylib
copying file ./Contents/Frameworks/libswiftMetal.dylib ... 
68576 bytes for ./Contents/Frameworks/libswiftMetal.dylib
copying file ./Contents/Frameworks/libswiftCoreData.dylib ... 
95600 bytes for ./Contents/Frameworks/libswiftCoreData.dylib
copying file ./Contents/Frameworks/libswiftDispatch.dylib ... 
302080 bytes for ./Contents/Frameworks/libswiftDispatch.dylib
copying file ./Contents/Frameworks/libswiftos.dylib ... 
49248 bytes for ./Contents/Frameworks/libswiftos.dylib
copying file ./Contents/Frameworks/libswiftCoreFoundation.dylib ... 
31680 bytes for ./Contents/Frameworks/libswiftCoreFoundation.dylib
copying file ./Contents/Frameworks/libswiftDarwin.dylib ... 
89280 bytes for ./Contents/Frameworks/libswiftDarwin.dylib
copying file ./Contents/Frameworks/libswiftQuartzCore.dylib ... 
52160 bytes for ./Contents/Frameworks/libswiftQuartzCore.dylib
copying file ./Contents/Frameworks/libswiftIOKit.dylib ... 
35856 bytes for ./Contents/Frameworks/libswiftIOKit.dylib
copying file ./Contents/Frameworks/libswiftFoundation.dylib ... 
2849008 bytes for ./Contents/Frameworks/libswiftFoundation.dylib
copying file ./Contents/Info.plist ... 
2137 bytes for ./Contents/Info.plist
copying file ./Contents/PkgInfo ... 
8 bytes for ./Contents/PkgInfo

2018-07-09 19:55:50 +0000  Processing step: IDEDistributionEmbedProfileStep
2018-07-09 19:55:50 +0000  Skipping profile for item: <IDEDistributionItem: 0x7ff3782aec00 'com.apple.dt.runtime.swiftAppKit' '<DVTFilePath:0x7ff3685d0350:'/Users/miles/Library/Developer/Xcode/Archives/2018-07-09/openIT 7-9-18, 3.55 PM.xcarchive/Products/Applications/openInFirefox.app/Contents/Frameworks/libswiftAppKit.dylib'>'>
2018-07-09 19:55:50 +0000  Skipping profile for item: <IDEDistributionItem: 0x7ff363fdb400 'com.apple.dt.runtime.swiftCore' '<DVTFilePath:0x7ff37ceca1f0:'/Users/miles/Library/Developer/Xcode/Archives/2018-07-09/openIT 7-9-18, 3.55 PM.xcarchive/Products/Applications/openInFirefox.app/Contents/Frameworks/libswiftCore.dylib'>'>
2018-07-09 19:55:50 +0000  Skipping profile for item: <IDEDistributionItem: 0x7ff3608d4b60 'com.apple.dt.runtime.swiftCoreData' '<DVTFilePath:0x7ff362113780:'/Users/miles/Library/Developer/Xcode/Archives/2018-07-09/openIT 7-9-18, 3.55 PM.xcarchive/Products/Applications/openInFirefox.app/Contents/Frameworks/libswiftCoreData.dylib'>'>
2018-07-09 19:55:50 +0000  Skipping profile for item: <IDEDistributionItem: 0x7ff3669198c0 'com.apple.dt.runtime.swiftCoreFoundation' '<DVTFilePath:0x7ff360b830c0:'/Users/miles/Library/Developer/Xcode/Archives/2018-07-09/openIT 7-9-18, 3.55 PM.xcarchive/Products/Applications/openInFirefox.app/Contents/Frameworks/libswiftCoreFoundation.dylib'>'>
2018-07-09 19:55:50 +0000  Skipping profile for item: <IDEDistributionItem: 0x7ff360b413e0 'com.apple.dt.runtime.swiftCoreGraphics' '<DVTFilePath:0x7ff37a3ae130:'/Users/miles/Library/Developer/Xcode/Archives/2018-07-09/openIT 7-9-18, 3.55 PM.xcarchive/Products/Applications/openInFirefox.app/Contents/Frameworks/libswiftCoreGraphics.dylib'>'>
2018-07-09 19:55:50 +0000  Skipping profile for item: <IDEDistributionItem: 0x7ff36806d780 'com.apple.dt.runtime.swiftCoreImage' '<DVTFilePath:0x7ff360bd8de0:'/Users/miles/Library/Developer/Xcode/Archives/2018-07-09/openIT 7-9-18, 3.55 PM.xcarchive/Products/Applications/openInFirefox.app/Contents/Frameworks/libswiftCoreImage.dylib'>'>
2018-07-09 19:55:50 +0000  Skipping profile for item: <IDEDistributionItem: 0x7ff36225acf0 'com.apple.dt.runtime.swiftDarwin' '<DVTFilePath:0x7ff3685f94e0:'/Users/miles/Library/Developer/Xcode/Archives/2018-07-09/openIT 7-9-18, 3.55 PM.xcarchive/Products/Applications/openInFirefox.app/Contents/Frameworks/libswiftDarwin.dylib'>'>
2018-07-09 19:55:50 +0000  Skipping profile for item: <IDEDistributionItem: 0x7ff34f7cfba0 'com.apple.dt.runtime.swiftDispatch' '<DVTFilePath:0x7ff378274410:'/Users/miles/Library/Developer/Xcode/Archives/2018-07-09/openIT 7-9-18, 3.55 PM.xcarchive/Products/Applications/openInFirefox.app/Contents/Frameworks/libswiftDispatch.dylib'>'>
2018-07-09 19:55:50 +0000  Skipping profile for item: <IDEDistributionItem: 0x7ff36f1cc480 'com.apple.dt.runtime.swiftFoundation' '<DVTFilePath:0x7ff37820de50:'/Users/miles/Library/Developer/Xcode/Archives/2018-07-09/openIT 7-9-18, 3.55 PM.xcarchive/Products/Applications/openInFirefox.app/Contents/Frameworks/libswiftFoundation.dylib'>'>
2018-07-09 19:55:50 +0000  Skipping profile for item: <IDEDistributionItem: 0x7ff37cec4c80 'com.apple.dt.runtime.swiftIOKit' '<DVTFilePath:0x7ff37a72de40:'/Users/miles/Library/Developer/Xcode/Archives/2018-07-09/openIT 7-9-18, 3.55 PM.xcarchive/Products/Applications/openInFirefox.app/Contents/Frameworks/libswiftIOKit.dylib'>'>
2018-07-09 19:55:50 +0000  Skipping profile for item: <IDEDistributionItem: 0x7ff360b1b670 'com.apple.dt.runtime.swiftMetal' '<DVTFilePath:0x7ff36219d860:'/Users/miles/Library/Developer/Xcode/Archives/2018-07-09/openIT 7-9-18, 3.55 PM.xcarchive/Products/Applications/openInFirefox.app/Contents/Frameworks/libswiftMetal.dylib'>'>
2018-07-09 19:55:50 +0000  Skipping profile for item: <IDEDistributionItem: 0x7ff36f158610 'com.apple.dt.runtime.swiftObjectiveC' '<DVTFilePath:0x7ff37a3abfa0:'/Users/miles/Library/Developer/Xcode/Archives/2018-07-09/openIT 7-9-18, 3.55 PM.xcarchive/Products/Applications/openInFirefox.app/Contents/Frameworks/libswiftObjectiveC.dylib'>'>
2018-07-09 19:55:50 +0000  Skipping profile for item: <IDEDistributionItem: 0x7ff36e6832d0 'com.apple.dt.runtime.swiftQuartzCore' '<DVTFilePath:0x7ff367ecdf20:'/Users/miles/Library/Developer/Xcode/Archives/2018-07-09/openIT 7-9-18, 3.55 PM.xcarchive/Products/Applications/openInFirefox.app/Contents/Frameworks/libswiftQuartzCore.dylib'>'>
2018-07-09 19:55:50 +0000  Skipping profile for item: <IDEDistributionItem: 0x7ff36ece3360 'com.apple.dt.runtime.swiftXPC' '<DVTFilePath:0x7ff36219f290:'/Users/miles/Library/Developer/Xcode/Archives/2018-07-09/openIT 7-9-18, 3.55 PM.xcarchive/Products/Applications/openInFirefox.app/Contents/Frameworks/libswiftXPC.dylib'>'>
2018-07-09 19:55:50 +0000  Skipping profile for item: <IDEDistributionItem: 0x7ff3640e1c40 'com.apple.dt.runtime.swiftos' '<DVTFilePath:0x7ff362772760:'/Users/miles/Library/Developer/Xcode/Archives/2018-07-09/openIT 7-9-18, 3.55 PM.xcarchive/Products/Applications/openInFirefox.app/Contents/Frameworks/libswiftos.dylib'>'>
2018-07-09 19:55:50 +0000  Skipping profile for item: <IDEDistributionItem: 0x7ff379305110 'miles.openInFirefox.openIT' '<DVTFilePath:0x7ff36f234450:'/Users/miles/Library/Developer/Xcode/Archives/2018-07-09/openIT 7-9-18, 3.55 PM.xcarchive/Products/Applications/openInFirefox.app/Contents/PlugIns/openIT.appex'>'>
2018-07-09 19:55:50 +0000  Skipping profile for item: <IDEDistributionItem: 0x7ff367eead10 'miles.openInFirefox' '<DVTFilePath:0x7ff363f398b0:'/Users/miles/Library/Developer/Xcode/Archives/2018-07-09/openIT 7-9-18, 3.55 PM.xcarchive/Products/Applications/openInFirefox.app'>'>
2018-07-09 19:55:50 +0000  Processing step: IDEDistributionAppThinningPlistStep
2018-07-09 19:55:50 +0000  Processing step: IDEDistributionCompileBitcodeStep
2018-07-09 19:55:50 +0000  Skipping step: IDEDistributionCompileBitcodeStep because it said so
2018-07-09 19:55:50 +0000  Processing step: IDEDistributionCodeSlimmingStep
2018-07-09 19:55:50 +0000  Processing step: IDEDistributionCopyBCSymbolMapsStep
2018-07-09 19:55:50 +0000  Skipping step: IDEDistributionCopyBCSymbolMapsStep because it said so
2018-07-09 19:55:50 +0000  Skipping step: IDEDistributionCopyBCSymbolMapsStep because it said so
2018-07-09 19:55:50 +0000  Skipping step: IDEDistributionCopyBCSymbolMapsStep because it said so
2018-07-09 19:55:50 +0000  Skipping step: IDEDistributionCopyBCSymbolMapsStep because it said so
2018-07-09 19:55:50 +0000  Skipping step: IDEDistributionCopyBCSymbolMapsStep because it said so
2018-07-09 19:55:50 +0000  Skipping step: IDEDistributionCopyBCSymbolMapsStep because it said so
2018-07-09 19:55:50 +0000  Skipping step: IDEDistributionCopyBCSymbolMapsStep because it said so
2018-07-09 19:55:50 +0000  Skipping step: IDEDistributionCopyBCSymbolMapsStep because it said so
2018-07-09 19:55:50 +0000  Skipping step: IDEDistributionCopyBCSymbolMapsStep because it said so
2018-07-09 19:55:50 +0000  Skipping step: IDEDistributionCopyBCSymbolMapsStep because it said so
2018-07-09 19:55:50 +0000  Skipping step: IDEDistributionCopyBCSymbolMapsStep because it said so
2018-07-09 19:55:50 +0000  Skipping step: IDEDistributionCopyBCSymbolMapsStep because it said so
2018-07-09 19:55:50 +0000  Skipping step: IDEDistributionCopyBCSymbolMapsStep because it said so
2018-07-09 19:55:50 +0000  Skipping step: IDEDistributionCopyBCSymbolMapsStep because it said so
2018-07-09 19:55:50 +0000  Skipping step: IDEDistributionCopyBCSymbolMapsStep because it said so
2018-07-09 19:55:50 +0000  Skipping step: IDEDistributionCopyBCSymbolMapsStep because it said so
2018-07-09 19:55:50 +0000  Skipping step: IDEDistributionCopyBCSymbolMapsStep because it said so
2018-07-09 19:55:50 +0000  Processing step: IDEDistributionSymbolsStep
2018-07-09 19:55:50 +0000  Skipping step: IDEDistributionSymbolsStep because it said so
2018-07-09 19:55:50 +0000  Skipping step: IDEDistributionSymbolsStep because it said so
2018-07-09 19:55:50 +0000  Skipping step: IDEDistributionSymbolsStep because it said so
2018-07-09 19:55:50 +0000  Skipping step: IDEDistributionSymbolsStep because it said so
2018-07-09 19:55:50 +0000  Skipping step: IDEDistributionSymbolsStep because it said so
2018-07-09 19:55:50 +0000  Skipping step: IDEDistributionSymbolsStep because it said so
2018-07-09 19:55:50 +0000  Skipping step: IDEDistributionSymbolsStep because it said so
2018-07-09 19:55:50 +0000  Skipping step: IDEDistributionSymbolsStep because it said so
2018-07-09 19:55:50 +0000  Skipping step: IDEDistributionSymbolsStep because it said so
2018-07-09 19:55:50 +0000  Skipping step: IDEDistributionSymbolsStep because it said so
2018-07-09 19:55:50 +0000  Skipping step: IDEDistributionSymbolsStep because it said so
2018-07-09 19:55:50 +0000  Skipping step: IDEDistributionSymbolsStep because it said so
2018-07-09 19:55:50 +0000  Skipping step: IDEDistributionSymbolsStep because it said so
2018-07-09 19:55:50 +0000  Skipping step: IDEDistributionSymbolsStep because it said so
2018-07-09 19:55:50 +0000  Skipping step: IDEDistributionSymbolsStep because it said so
2018-07-09 19:55:50 +0000  Skipping step: IDEDistributionSymbolsStep because it said so
2018-07-09 19:55:50 +0000  Skipping step: IDEDistributionSymbolsStep because it said so
2018-07-09 19:55:50 +0000  Processing step: IDEDistributionAppThinningStep
2018-07-09 19:55:50 +0000  Skipping step: IDEDistributionAppThinningStep because it said so
2018-07-09 19:55:50 +0000  Processing step: IDEDistributionODRStep
2018-07-09 19:55:50 +0000  Processing step: IDEDistributionStripXattrsStep
2018-07-09 19:55:50 +0000  Skipping stripping extended attributes of item: <IDEDistributionItem: 0x7ff3782aec00 'com.apple.dt.runtime.swiftAppKit' '<DVTFilePath:0x7ff3685d0350:'/Users/miles/Library/Developer/Xcode/Archives/2018-07-09/openIT 7-9-18, 3.55 PM.xcarchive/Products/Applications/openInFirefox.app/Contents/Frameworks/libswiftAppKit.dylib'>'>
2018-07-09 19:55:50 +0000  Skipping stripping extended attributes of item: <IDEDistributionItem: 0x7ff363fdb400 'com.apple.dt.runtime.swiftCore' '<DVTFilePath:0x7ff37ceca1f0:'/Users/miles/Library/Developer/Xcode/Archives/2018-07-09/openIT 7-9-18, 3.55 PM.xcarchive/Products/Applications/openInFirefox.app/Contents/Frameworks/libswiftCore.dylib'>'>
2018-07-09 19:55:50 +0000  Skipping stripping extended attributes of item: <IDEDistributionItem: 0x7ff3608d4b60 'com.apple.dt.runtime.swiftCoreData' '<DVTFilePath:0x7ff362113780:'/Users/miles/Library/Developer/Xcode/Archives/2018-07-09/openIT 7-9-18, 3.55 PM.xcarchive/Products/Applications/openInFirefox.app/Contents/Frameworks/libswiftCoreData.dylib'>'>
2018-07-09 19:55:50 +0000  Skipping stripping extended attributes of item: <IDEDistributionItem: 0x7ff3669198c0 'com.apple.dt.runtime.swiftCoreFoundation' '<DVTFilePath:0x7ff360b830c0:'/Users/miles/Library/Developer/Xcode/Archives/2018-07-09/openIT 7-9-18, 3.55 PM.xcarchive/Products/Applications/openInFirefox.app/Contents/Frameworks/libswiftCoreFoundation.dylib'>'>
2018-07-09 19:55:50 +0000  Skipping stripping extended attributes of item: <IDEDistributionItem: 0x7ff360b413e0 'com.apple.dt.runtime.swiftCoreGraphics' '<DVTFilePath:0x7ff37a3ae130:'/Users/miles/Library/Developer/Xcode/Archives/2018-07-09/openIT 7-9-18, 3.55 PM.xcarchive/Products/Applications/openInFirefox.app/Contents/Frameworks/libswiftCoreGraphics.dylib'>'>
2018-07-09 19:55:50 +0000  Skipping stripping extended attributes of item: <IDEDistributionItem: 0x7ff36806d780 'com.apple.dt.runtime.swiftCoreImage' '<DVTFilePath:0x7ff360bd8de0:'/Users/miles/Library/Developer/Xcode/Archives/2018-07-09/openIT 7-9-18, 3.55 PM.xcarchive/Products/Applications/openInFirefox.app/Contents/Frameworks/libswiftCoreImage.dylib'>'>
2018-07-09 19:55:50 +0000  Skipping stripping extended attributes of item: <IDEDistributionItem: 0x7ff36225acf0 'com.apple.dt.runtime.swiftDarwin' '<DVTFilePath:0x7ff3685f94e0:'/Users/miles/Library/Developer/Xcode/Archives/2018-07-09/openIT 7-9-18, 3.55 PM.xcarchive/Products/Applications/openInFirefox.app/Contents/Frameworks/libswiftDarwin.dylib'>'>
2018-07-09 19:55:50 +0000  Skipping stripping extended attributes of item: <IDEDistributionItem: 0x7ff34f7cfba0 'com.apple.dt.runtime.swiftDispatch' '<DVTFilePath:0x7ff378274410:'/Users/miles/Library/Developer/Xcode/Archives/2018-07-09/openIT 7-9-18, 3.55 PM.xcarchive/Products/Applications/openInFirefox.app/Contents/Frameworks/libswiftDispatch.dylib'>'>
2018-07-09 19:55:50 +0000  Skipping stripping extended attributes of item: <IDEDistributionItem: 0x7ff36f1cc480 'com.apple.dt.runtime.swiftFoundation' '<DVTFilePath:0x7ff37820de50:'/Users/miles/Library/Developer/Xcode/Archives/2018-07-09/openIT 7-9-18, 3.55 PM.xcarchive/Products/Applications/openInFirefox.app/Contents/Frameworks/libswiftFoundation.dylib'>'>
2018-07-09 19:55:50 +0000  Skipping stripping extended attributes of item: <IDEDistributionItem: 0x7ff37cec4c80 'com.apple.dt.runtime.swiftIOKit' '<DVTFilePath:0x7ff37a72de40:'/Users/miles/Library/Developer/Xcode/Archives/2018-07-09/openIT 7-9-18, 3.55 PM.xcarchive/Products/Applications/openInFirefox.app/Contents/Frameworks/libswiftIOKit.dylib'>'>
2018-07-09 19:55:50 +0000  Skipping stripping extended attributes of item: <IDEDistributionItem: 0x7ff360b1b670 'com.apple.dt.runtime.swiftMetal' '<DVTFilePath:0x7ff36219d860:'/Users/miles/Library/Developer/Xcode/Archives/2018-07-09/openIT 7-9-18, 3.55 PM.xcarchive/Products/Applications/openInFirefox.app/Contents/Frameworks/libswiftMetal.dylib'>'>
2018-07-09 19:55:50 +0000  Skipping stripping extended attributes of item: <IDEDistributionItem: 0x7ff36f158610 'com.apple.dt.runtime.swiftObjectiveC' '<DVTFilePath:0x7ff37a3abfa0:'/Users/miles/Library/Developer/Xcode/Archives/2018-07-09/openIT 7-9-18, 3.55 PM.xcarchive/Products/Applications/openInFirefox.app/Contents/Frameworks/libswiftObjectiveC.dylib'>'>
2018-07-09 19:55:50 +0000  Skipping stripping extended attributes of item: <IDEDistributionItem: 0x7ff36e6832d0 'com.apple.dt.runtime.swiftQuartzCore' '<DVTFilePath:0x7ff367ecdf20:'/Users/miles/Library/Developer/Xcode/Archives/2018-07-09/openIT 7-9-18, 3.55 PM.xcarchive/Products/Applications/openInFirefox.app/Contents/Frameworks/libswiftQuartzCore.dylib'>'>
2018-07-09 19:55:50 +0000  Skipping stripping extended attributes of item: <IDEDistributionItem: 0x7ff36ece3360 'com.apple.dt.runtime.swiftXPC' '<DVTFilePath:0x7ff36219f290:'/Users/miles/Library/Developer/Xcode/Archives/2018-07-09/openIT 7-9-18, 3.55 PM.xcarchive/Products/Applications/openInFirefox.app/Contents/Frameworks/libswiftXPC.dylib'>'>
2018-07-09 19:55:50 +0000  Skipping stripping extended attributes of item: <IDEDistributionItem: 0x7ff3640e1c40 'com.apple.dt.runtime.swiftos' '<DVTFilePath:0x7ff362772760:'/Users/miles/Library/Developer/Xcode/Archives/2018-07-09/openIT 7-9-18, 3.55 PM.xcarchive/Products/Applications/openInFirefox.app/Contents/Frameworks/libswiftos.dylib'>'>
2018-07-09 19:55:50 +0000  Skipping stripping extended attributes of item: <IDEDistributionItem: 0x7ff379305110 'miles.openInFirefox.openIT' '<DVTFilePath:0x7ff36f234450:'/Users/miles/Library/Developer/Xcode/Archives/2018-07-09/openIT 7-9-18, 3.55 PM.xcarchive/Products/Applications/openInFirefox.app/Contents/PlugIns/openIT.appex'>'>
2018-07-09 19:55:50 +0000  Running /usr/bin/xattr '-crs' '/var/folders/sf/x886jph909g2wb0b5h79sjsw0000gn/T/XcodeDistPipeline.VLt/Root/Applications/openInFirefox.app'
2018-07-09 19:55:50 +0000  
2018-07-09 19:55:50 +0000  /usr/bin/xattr exited with 0
2018-07-09 19:55:50 +0000  
2018-07-09 19:55:50 +0000  
2018-07-09 19:55:50 +0000  Processing step: IDEDistributionCodesignStep
2018-07-09 19:55:50 +0000  Entitlements for <IDEDistributionItem: 0x7ff3782aec00 'com.apple.dt.runtime.swiftAppKit' '<DVTFilePath:0x7ff3685d0350:'/Users/miles/Library/Developer/Xcode/Archives/2018-07-09/openIT 7-9-18, 3.55 PM.xcarchive/Products/Applications/openInFirefox.app/Contents/Frameworks/libswiftAppKit.dylib'>'>: {
}
2018-07-09 19:55:50 +0000  Writing entitlements for <IDEDistributionItem: 0x7ff3782aec00 'com.apple.dt.runtime.swiftAppKit' '<DVTFilePath:0x7ff3685d0350:'/Users/miles/Library/Developer/Xcode/Archives/2018-07-09/openIT 7-9-18, 3.55 PM.xcarchive/Products/Applications/openInFirefox.app/Contents/Frameworks/libswiftAppKit.dylib'>'> to: /var/folders/sf/x886jph909g2wb0b5h79sjsw0000gn/T/XcodeDistPipeline.VLt/entitlements0WEXV3
2018-07-09 19:55:50 +0000  Running /usr/bin/codesign '-vvv' '--force' '--sign' '14A23DA294CA9F441C26A424125C27FD0934FECF' '--preserve-metadata=identifier,flags' '--entitlements' '/var/folders/sf/x886jph909g2wb0b5h79sjsw0000gn/T/XcodeDistPipeline.VLt/entitlements0WEXV3' '/var/folders/sf/x886jph909g2wb0b5h79sjsw0000gn/T/XcodeDistPipeline.VLt/Root/Applications/openInFirefox.app/Contents/Frameworks/libswiftAppKit.dylib'
2018-07-09 19:55:50 +0000  /var/folders/sf/x886jph909g2wb0b5h79sjsw0000gn/T/XcodeDistPipeline.VLt/Root/Applications/openInFirefox.app/Contents/Frameworks/libswiftAppKit.dylib: replacing existing signature
2018-07-09 19:55:50 +0000  /var/folders/sf/x886jph909g2wb0b5h79sjsw0000gn/T/XcodeDistPipeline.VLt/Root/Applications/openInFirefox.app/Contents/Frameworks/libswiftAppKit.dylib: signed Mach-O thin (x86_64) [com.apple.dt.runtime.swiftAppKit]
2018-07-09 19:55:50 +0000  2018-07-09 19:55:50 +0000  

2018-07-09 19:55:50 +0000  /usr/bin/codesign exited with 0
2018-07-09 19:55:50 +0000  
2018-07-09 19:55:50 +0000  Entitlements for <IDEDistributionItem: 0x7ff363fdb400 'com.apple.dt.runtime.swiftCore' '<DVTFilePath:0x7ff37ceca1f0:'/Users/miles/Library/Developer/Xcode/Archives/2018-07-09/openIT 7-9-18, 3.55 PM.xcarchive/Products/Applications/openInFirefox.app/Contents/Frameworks/libswiftCore.dylib'>'>: {
}
2018-07-09 19:55:50 +0000  Writing entitlements for <IDEDistributionItem: 0x7ff363fdb400 'com.apple.dt.runtime.swiftCore' '<DVTFilePath:0x7ff37ceca1f0:'/Users/miles/Library/Developer/Xcode/Archives/2018-07-09/openIT 7-9-18, 3.55 PM.xcarchive/Products/Applications/openInFirefox.app/Contents/Frameworks/libswiftCore.dylib'>'> to: /var/folders/sf/x886jph909g2wb0b5h79sjsw0000gn/T/XcodeDistPipeline.VLt/entitlementssd3NOM
2018-07-09 19:55:50 +0000  Running /usr/bin/codesign '-vvv' '--force' '--sign' '14A23DA294CA9F441C26A424125C27FD0934FECF' '--preserve-metadata=identifier,flags' '--entitlements' '/var/folders/sf/x886jph909g2wb0b5h79sjsw0000gn/T/XcodeDistPipeline.VLt/entitlementssd3NOM' '/var/folders/sf/x886jph909g2wb0b5h79sjsw0000gn/T/XcodeDistPipeline.VLt/Root/Applications/openInFirefox.app/Contents/Frameworks/libswiftCore.dylib'
2018-07-09 19:55:50 +0000  /var/folders/sf/x886jph909g2wb0b5h79sjsw0000gn/T/XcodeDistPipeline.VLt/Root/Applications/openInFirefox.app/Contents/Frameworks/libswiftCore.dylib: replacing existing signature
2018-07-09 19:55:50 +0000  /var/folders/sf/x886jph909g2wb0b5h79sjsw0000gn/T/XcodeDistPipeline.VLt/Root/Applications/openInFirefox.app/Contents/Frameworks/libswiftCore.dylib: signed Mach-O thin (x86_64) [com.apple.dt.runtime.swiftCore]
2018-07-09 19:55:50 +0000  2018-07-09 19:55:50 +0000  

2018-07-09 19:55:50 +0000  /usr/bin/codesign exited with 0
2018-07-09 19:55:50 +0000  
2018-07-09 19:55:50 +0000  Entitlements for <IDEDistributionItem: 0x7ff3608d4b60 'com.apple.dt.runtime.swiftCoreData' '<DVTFilePath:0x7ff362113780:'/Users/miles/Library/Developer/Xcode/Archives/2018-07-09/openIT 7-9-18, 3.55 PM.xcarchive/Products/Applications/openInFirefox.app/Contents/Frameworks/libswiftCoreData.dylib'>'>: {
}
2018-07-09 19:55:50 +0000  Writing entitlements for <IDEDistributionItem: 0x7ff3608d4b60 'com.apple.dt.runtime.swiftCoreData' '<DVTFilePath:0x7ff362113780:'/Users/miles/Library/Developer/Xcode/Archives/2018-07-09/openIT 7-9-18, 3.55 PM.xcarchive/Products/Applications/openInFirefox.app/Contents/Frameworks/libswiftCoreData.dylib'>'> to: /var/folders/sf/x886jph909g2wb0b5h79sjsw0000gn/T/XcodeDistPipeline.VLt/entitlementsfeHYVu
2018-07-09 19:55:50 +0000  Running /usr/bin/codesign '-vvv' '--force' '--sign' '14A23DA294CA9F441C26A424125C27FD0934FECF' '--preserve-metadata=identifier,flags' '--entitlements' '/var/folders/sf/x886jph909g2wb0b5h79sjsw0000gn/T/XcodeDistPipeline.VLt/entitlementsfeHYVu' '/var/folders/sf/x886jph909g2wb0b5h79sjsw0000gn/T/XcodeDistPipeline.VLt/Root/Applications/openInFirefox.app/Contents/Frameworks/libswiftCoreData.dylib'
2018-07-09 19:55:50 +0000  /var/folders/sf/x886jph909g2wb0b5h79sjsw0000gn/T/XcodeDistPipeline.VLt/Root/Applications/openInFirefox.app/Contents/Frameworks/libswiftCoreData.dylib: replacing existing signature
2018-07-09 19:55:50 +0000  /var/folders/sf/x886jph909g2wb0b5h79sjsw0000gn/T/XcodeDistPipeline.VLt/Root/Applications/openInFirefox.app/Contents/Frameworks/libswiftCoreData.dylib: signed Mach-O thin (x86_64) [com.apple.dt.runtime.swiftCoreData]
2018-07-09 19:55:50 +0000  2018-07-09 19:55:50 +0000  

2018-07-09 19:55:50 +0000  /usr/bin/codesign exited with 0
2018-07-09 19:55:50 +0000  
2018-07-09 19:55:50 +0000  
2018-07-09 19:55:50 +0000  Entitlements for <IDEDistributionItem: 0x7ff3669198c0 'com.apple.dt.runtime.swiftCoreFoundation' '<DVTFilePath:0x7ff360b830c0:'/Users/miles/Library/Developer/Xcode/Archives/2018-07-09/openIT 7-9-18, 3.55 PM.xcarchive/Products/Applications/openInFirefox.app/Contents/Frameworks/libswiftCoreFoundation.dylib'>'>: {
}
2018-07-09 19:55:50 +0000  Writing entitlements for <IDEDistributionItem: 0x7ff3669198c0 'com.apple.dt.runtime.swiftCoreFoundation' '<DVTFilePath:0x7ff360b830c0:'/Users/miles/Library/Developer/Xcode/Archives/2018-07-09/openIT 7-9-18, 3.55 PM.xcarchive/Products/Applications/openInFirefox.app/Contents/Frameworks/libswiftCoreFoundation.dylib'>'> to: /var/folders/sf/x886jph909g2wb0b5h79sjsw0000gn/T/XcodeDistPipeline.VLt/entitlements2mIfps
2018-07-09 19:55:50 +0000  Running /usr/bin/codesign '-vvv' '--force' '--sign' '14A23DA294CA9F441C26A424125C27FD0934FECF' '--preserve-metadata=identifier,flags' '--entitlements' '/var/folders/sf/x886jph909g2wb0b5h79sjsw0000gn/T/XcodeDistPipeline.VLt/entitlements2mIfps' '/var/folders/sf/x886jph909g2wb0b5h79sjsw0000gn/T/XcodeDistPipeline.VLt/Root/Applications/openInFirefox.app/Contents/Frameworks/libswiftCoreFoundation.dylib'
2018-07-09 19:55:50 +0000  /var/folders/sf/x886jph909g2wb0b5h79sjsw0000gn/T/XcodeDistPipeline.VLt/Root/Applications/openInFirefox.app/Contents/Frameworks/libswiftCoreFoundation.dylib: replacing existing signature
2018-07-09 19:55:50 +0000  /var/folders/sf/x886jph909g2wb0b5h79sjsw0000gn/T/XcodeDistPipeline.VLt/Root/Applications/openInFirefox.app/Contents/Frameworks/libswiftCoreFoundation.dylib: signed Mach-O thin (x86_64) [com.apple.dt.runtime.swiftCoreFoundation]
2018-07-09 19:55:50 +0000  2018-07-09 19:55:50 +0000  

2018-07-09 19:55:50 +0000  /usr/bin/codesign exited with 0
2018-07-09 19:55:50 +0000  
2018-07-09 19:55:50 +0000  
2018-07-09 19:55:50 +0000  Entitlements for <IDEDistributionItem: 0x7ff360b413e0 'com.apple.dt.runtime.swiftCoreGraphics' '<DVTFilePath:0x7ff37a3ae130:'/Users/miles/Library/Developer/Xcode/Archives/2018-07-09/openIT 7-9-18, 3.55 PM.xcarchive/Products/Applications/openInFirefox.app/Contents/Frameworks/libswiftCoreGraphics.dylib'>'>: {
}
2018-07-09 19:55:50 +0000  Writing entitlements for <IDEDistributionItem: 0x7ff360b413e0 'com.apple.dt.runtime.swiftCoreGraphics' '<DVTFilePath:0x7ff37a3ae130:'/Users/miles/Library/Developer/Xcode/Archives/2018-07-09/openIT 7-9-18, 3.55 PM.xcarchive/Products/Applications/openInFirefox.app/Contents/Frameworks/libswiftCoreGraphics.dylib'>'> to: /var/folders/sf/x886jph909g2wb0b5h79sjsw0000gn/T/XcodeDistPipeline.VLt/entitlementslifxUR
2018-07-09 19:55:50 +0000  Running /usr/bin/codesign '-vvv' '--force' '--sign' '14A23DA294CA9F441C26A424125C27FD0934FECF' '--preserve-metadata=identifier,flags' '--entitlements' '/var/folders/sf/x886jph909g2wb0b5h79sjsw0000gn/T/XcodeDistPipeline.VLt/entitlementslifxUR' '/var/folders/sf/x886jph909g2wb0b5h79sjsw0000gn/T/XcodeDistPipeline.VLt/Root/Applications/openInFirefox.app/Contents/Frameworks/libswiftCoreGraphics.dylib'
2018-07-09 19:55:51 +0000  /var/folders/sf/x886jph909g2wb0b5h79sjsw0000gn/T/XcodeDistPipeline.VLt/Root/Applications/openInFirefox.app/Contents/Frameworks/libswiftCoreGraphics.dylib: replacing existing signature
2018-07-09 19:55:51 +0000  /var/folders/sf/x886jph909g2wb0b5h79sjsw0000gn/T/XcodeDistPipeline.VLt/Root/Applications/openInFirefox.app/Contents/Frameworks/libswiftCoreGraphics.dylib: signed Mach-O thin (x86_64) [com.apple.dt.runtime.swiftCoreGraphics]
2018-07-09 19:55:51 +0000  2018-07-09 19:55:51 +0000  

2018-07-09 19:55:51 +0000  /usr/bin/codesign exited with 0
2018-07-09 19:55:51 +0000  
2018-07-09 19:55:51 +0000  Entitlements for <IDEDistributionItem: 0x7ff36806d780 'com.apple.dt.runtime.swiftCoreImage' '<DVTFilePath:0x7ff360bd8de0:'/Users/miles/Library/Developer/Xcode/Archives/2018-07-09/openIT 7-9-18, 3.55 PM.xcarchive/Products/Applications/openInFirefox.app/Contents/Frameworks/libswiftCoreImage.dylib'>'>: {
}
2018-07-09 19:55:51 +0000  Writing entitlements for <IDEDistributionItem: 0x7ff36806d780 'com.apple.dt.runtime.swiftCoreImage' '<DVTFilePath:0x7ff360bd8de0:'/Users/miles/Library/Developer/Xcode/Archives/2018-07-09/openIT 7-9-18, 3.55 PM.xcarchive/Products/Applications/openInFirefox.app/Contents/Frameworks/libswiftCoreImage.dylib'>'> to: /var/folders/sf/x886jph909g2wb0b5h79sjsw0000gn/T/XcodeDistPipeline.VLt/entitlements6ZJ2eJ
2018-07-09 19:55:51 +0000  Running /usr/bin/codesign '-vvv' '--force' '--sign' '14A23DA294CA9F441C26A424125C27FD0934FECF' '--preserve-metadata=identifier,flags' '--entitlements' '/var/folders/sf/x886jph909g2wb0b5h79sjsw0000gn/T/XcodeDistPipeline.VLt/entitlements6ZJ2eJ' '/var/folders/sf/x886jph909g2wb0b5h79sjsw0000gn/T/XcodeDistPipeline.VLt/Root/Applications/openInFirefox.app/Contents/Frameworks/libswiftCoreImage.dylib'
2018-07-09 19:55:51 +0000  /var/folders/sf/x886jph909g2wb0b5h79sjsw0000gn/T/XcodeDistPipeline.VLt/Root/Applications/openInFirefox.app/Contents/Frameworks/libswiftCoreImage.dylib: replacing existing signature
2018-07-09 19:55:51 +0000  /var/folders/sf/x886jph909g2wb0b5h79sjsw0000gn/T/XcodeDistPipeline.VLt/Root/Applications/openInFirefox.app/Contents/Frameworks/libswiftCoreImage.dylib: signed Mach-O thin (x86_64) [com.apple.dt.runtime.swiftCoreImage]
2018-07-09 19:55:51 +0000  2018-07-09 19:55:51 +0000  

2018-07-09 19:55:51 +0000  /usr/bin/codesign exited with 02018-07-09 19:55:51 +0000  

2018-07-09 19:55:51 +0000  
2018-07-09 19:55:51 +0000  
2018-07-09 19:55:51 +0000  Entitlements for <IDEDistributionItem: 0x7ff36225acf0 'com.apple.dt.runtime.swiftDarwin' '<DVTFilePath:0x7ff3685f94e0:'/Users/miles/Library/Developer/Xcode/Archives/2018-07-09/openIT 7-9-18, 3.55 PM.xcarchive/Products/Applications/openInFirefox.app/Contents/Frameworks/libswiftDarwin.dylib'>'>: {
}
2018-07-09 19:55:51 +0000  Writing entitlements for <IDEDistributionItem: 0x7ff36225acf0 'com.apple.dt.runtime.swiftDarwin' '<DVTFilePath:0x7ff3685f94e0:'/Users/miles/Library/Developer/Xcode/Archives/2018-07-09/openIT 7-9-18, 3.55 PM.xcarchive/Products/Applications/openInFirefox.app/Contents/Frameworks/libswiftDarwin.dylib'>'> to: /var/folders/sf/x886jph909g2wb0b5h79sjsw0000gn/T/XcodeDistPipeline.VLt/entitlementsNrrs7o
2018-07-09 19:55:51 +0000  Running /usr/bin/codesign '-vvv' '--force' '--sign' '14A23DA294CA9F441C26A424125C27FD0934FECF' '--preserve-metadata=identifier,flags' '--entitlements' '/var/folders/sf/x886jph909g2wb0b5h79sjsw0000gn/T/XcodeDistPipeline.VLt/entitlementsNrrs7o' '/var/folders/sf/x886jph909g2wb0b5h79sjsw0000gn/T/XcodeDistPipeline.VLt/Root/Applications/openInFirefox.app/Contents/Frameworks/libswiftDarwin.dylib'
2018-07-09 19:55:51 +0000  /var/folders/sf/x886jph909g2wb0b5h79sjsw0000gn/T/XcodeDistPipeline.VLt/Root/Applications/openInFirefox.app/Contents/Frameworks/libswiftDarwin.dylib: replacing existing signature
2018-07-09 19:55:51 +0000  /var/folders/sf/x886jph909g2wb0b5h79sjsw0000gn/T/XcodeDistPipeline.VLt/Root/Applications/openInFirefox.app/Contents/Frameworks/libswiftDarwin.dylib: signed Mach-O thin (x86_64) [com.apple.dt.runtime.swiftDarwin]
2018-07-09 19:55:51 +0000  2018-07-09 19:55:51 +0000  

2018-07-09 19:55:51 +0000  /usr/bin/codesign exited with 0
2018-07-09 19:55:51 +0000  
2018-07-09 19:55:51 +0000  Entitlements for <IDEDistributionItem: 0x7ff34f7cfba0 'com.apple.dt.runtime.swiftDispatch' '<DVTFilePath:0x7ff378274410:'/Users/miles/Library/Developer/Xcode/Archives/2018-07-09/openIT 7-9-18, 3.55 PM.xcarchive/Products/Applications/openInFirefox.app/Contents/Frameworks/libswiftDispatch.dylib'>'>: {
}
2018-07-09 19:55:51 +0000  Writing entitlements for <IDEDistributionItem: 0x7ff34f7cfba0 'com.apple.dt.runtime.swiftDispatch' '<DVTFilePath:0x7ff378274410:'/Users/miles/Library/Developer/Xcode/Archives/2018-07-09/openIT 7-9-18, 3.55 PM.xcarchive/Products/Applications/openInFirefox.app/Contents/Frameworks/libswiftDispatch.dylib'>'> to: /var/folders/sf/x886jph909g2wb0b5h79sjsw0000gn/T/XcodeDistPipeline.VLt/entitlementsxpC3O2
2018-07-09 19:55:51 +0000  Running /usr/bin/codesign '-vvv' '--force' '--sign' '14A23DA294CA9F441C26A424125C27FD0934FECF' '--preserve-metadata=identifier,flags' '--entitlements' '/var/folders/sf/x886jph909g2wb0b5h79sjsw0000gn/T/XcodeDistPipeline.VLt/entitlementsxpC3O2' '/var/folders/sf/x886jph909g2wb0b5h79sjsw0000gn/T/XcodeDistPipeline.VLt/Root/Applications/openInFirefox.app/Contents/Frameworks/libswiftDispatch.dylib'
2018-07-09 19:55:51 +0000  /var/folders/sf/x886jph909g2wb0b5h79sjsw0000gn/T/XcodeDistPipeline.VLt/Root/Applications/openInFirefox.app/Contents/Frameworks/libswiftDispatch.dylib: replacing existing signature
2018-07-09 19:55:51 +0000  /var/folders/sf/x886jph909g2wb0b5h79sjsw0000gn/T/XcodeDistPipeline.VLt/Root/Applications/openInFirefox.app/Contents/Frameworks/libswiftDispatch.dylib: signed Mach-O thin (x86_64) [com.apple.dt.runtime.swiftDispatch]
2018-07-09 19:55:51 +0000  
2018-07-09 19:55:51 +0000  2018-07-09 19:55:51 +0000  /usr/bin/codesign exited with 0

2018-07-09 19:55:51 +0000  
2018-07-09 19:55:51 +0000  Entitlements for <IDEDistributionItem: 0x7ff36f1cc480 'com.apple.dt.runtime.swiftFoundation' '<DVTFilePath:0x7ff37820de50:'/Users/miles/Library/Developer/Xcode/Archives/2018-07-09/openIT 7-9-18, 3.55 PM.xcarchive/Products/Applications/openInFirefox.app/Contents/Frameworks/libswiftFoundation.dylib'>'>: {
}
2018-07-09 19:55:51 +0000  Writing entitlements for <IDEDistributionItem: 0x7ff36f1cc480 'com.apple.dt.runtime.swiftFoundation' '<DVTFilePath:0x7ff37820de50:'/Users/miles/Library/Developer/Xcode/Archives/2018-07-09/openIT 7-9-18, 3.55 PM.xcarchive/Products/Applications/openInFirefox.app/Contents/Frameworks/libswiftFoundation.dylib'>'> to: /var/folders/sf/x886jph909g2wb0b5h79sjsw0000gn/T/XcodeDistPipeline.VLt/entitlementsTQP5Fv
2018-07-09 19:55:51 +0000  Running /usr/bin/codesign '-vvv' '--force' '--sign' '14A23DA294CA9F441C26A424125C27FD0934FECF' '--preserve-metadata=identifier,flags' '--entitlements' '/var/folders/sf/x886jph909g2wb0b5h79sjsw0000gn/T/XcodeDistPipeline.VLt/entitlementsTQP5Fv' '/var/folders/sf/x886jph909g2wb0b5h79sjsw0000gn/T/XcodeDistPipeline.VLt/Root/Applications/openInFirefox.app/Contents/Frameworks/libswiftFoundation.dylib'
2018-07-09 19:55:51 +0000  /var/folders/sf/x886jph909g2wb0b5h79sjsw0000gn/T/XcodeDistPipeline.VLt/Root/Applications/openInFirefox.app/Contents/Frameworks/libswiftFoundation.dylib: replacing existing signature
2018-07-09 19:55:51 +0000  /var/folders/sf/x886jph909g2wb0b5h79sjsw0000gn/T/XcodeDistPipeline.VLt/Root/Applications/openInFirefox.app/Contents/Frameworks/libswiftFoundation.dylib: signed Mach-O thin (x86_64) [com.apple.dt.runtime.swiftFoundation]
2018-07-09 19:55:51 +0000  
2018-07-09 19:55:51 +0000  
2018-07-09 19:55:51 +0000  /usr/bin/codesign exited with 0
2018-07-09 19:55:51 +0000  
2018-07-09 19:55:51 +0000  
2018-07-09 19:55:51 +0000  Entitlements for <IDEDistributionItem: 0x7ff37cec4c80 'com.apple.dt.runtime.swiftIOKit' '<DVTFilePath:0x7ff37a72de40:'/Users/miles/Library/Developer/Xcode/Archives/2018-07-09/openIT 7-9-18, 3.55 PM.xcarchive/Products/Applications/openInFirefox.app/Contents/Frameworks/libswiftIOKit.dylib'>'>: {
}
2018-07-09 19:55:51 +0000  Writing entitlements for <IDEDistributionItem: 0x7ff37cec4c80 'com.apple.dt.runtime.swiftIOKit' '<DVTFilePath:0x7ff37a72de40:'/Users/miles/Library/Developer/Xcode/Archives/2018-07-09/openIT 7-9-18, 3.55 PM.xcarchive/Products/Applications/openInFirefox.app/Contents/Frameworks/libswiftIOKit.dylib'>'> to: /var/folders/sf/x886jph909g2wb0b5h79sjsw0000gn/T/XcodeDistPipeline.VLt/entitlements3KOFvA
2018-07-09 19:55:51 +0000  Running /usr/bin/codesign '-vvv' '--force' '--sign' '14A23DA294CA9F441C26A424125C27FD0934FECF' '--preserve-metadata=identifier,flags' '--entitlements' '/var/folders/sf/x886jph909g2wb0b5h79sjsw0000gn/T/XcodeDistPipeline.VLt/entitlements3KOFvA' '/var/folders/sf/x886jph909g2wb0b5h79sjsw0000gn/T/XcodeDistPipeline.VLt/Root/Applications/openInFirefox.app/Contents/Frameworks/libswiftIOKit.dylib'
2018-07-09 19:55:51 +0000  /var/folders/sf/x886jph909g2wb0b5h79sjsw0000gn/T/XcodeDistPipeline.VLt/Root/Applications/openInFirefox.app/Contents/Frameworks/libswiftIOKit.dylib: replacing existing signature
2018-07-09 19:55:51 +0000  /var/folders/sf/x886jph909g2wb0b5h79sjsw0000gn/T/XcodeDistPipeline.VLt/Root/Applications/openInFirefox.app/Contents/Frameworks/libswiftIOKit.dylib: signed Mach-O thin (x86_64) [com.apple.dt.runtime.swiftIOKit]
2018-07-09 19:55:51 +0000  2018-07-09 19:55:51 +0000  

2018-07-09 19:55:51 +0000  /usr/bin/codesign exited with 0
2018-07-09 19:55:51 +0000  
2018-07-09 19:55:51 +0000  
2018-07-09 19:55:51 +0000  Entitlements for <IDEDistributionItem: 0x7ff360b1b670 'com.apple.dt.runtime.swiftMetal' '<DVTFilePath:0x7ff36219d860:'/Users/miles/Library/Developer/Xcode/Archives/2018-07-09/openIT 7-9-18, 3.55 PM.xcarchive/Products/Applications/openInFirefox.app/Contents/Frameworks/libswiftMetal.dylib'>'>: {
}
2018-07-09 19:55:51 +0000  Writing entitlements for <IDEDistributionItem: 0x7ff360b1b670 'com.apple.dt.runtime.swiftMetal' '<DVTFilePath:0x7ff36219d860:'/Users/miles/Library/Developer/Xcode/Archives/2018-07-09/openIT 7-9-18, 3.55 PM.xcarchive/Products/Applications/openInFirefox.app/Contents/Frameworks/libswiftMetal.dylib'>'> to: /var/folders/sf/x886jph909g2wb0b5h79sjsw0000gn/T/XcodeDistPipeline.VLt/entitlementsNmvCgE
2018-07-09 19:55:51 +0000  Running /usr/bin/codesign '-vvv' '--force' '--sign' '14A23DA294CA9F441C26A424125C27FD0934FECF' '--preserve-metadata=identifier,flags' '--entitlements' '/var/folders/sf/x886jph909g2wb0b5h79sjsw0000gn/T/XcodeDistPipeline.VLt/entitlementsNmvCgE' '/var/folders/sf/x886jph909g2wb0b5h79sjsw0000gn/T/XcodeDistPipeline.VLt/Root/Applications/openInFirefox.app/Contents/Frameworks/libswiftMetal.dylib'
2018-07-09 19:55:51 +0000  /var/folders/sf/x886jph909g2wb0b5h79sjsw0000gn/T/XcodeDistPipeline.VLt/Root/Applications/openInFirefox.app/Contents/Frameworks/libswiftMetal.dylib: replacing existing signature
2018-07-09 19:55:51 +0000  /var/folders/sf/x886jph909g2wb0b5h79sjsw0000gn/T/XcodeDistPipeline.VLt/Root/Applications/openInFirefox.app/Contents/Frameworks/libswiftMetal.dylib: signed Mach-O thin (x86_64) [com.apple.dt.runtime.swiftMetal]
2018-07-09 19:55:51 +0000  
2018-07-09 19:55:51 +0000  2018-07-09 19:55:51 +0000  /usr/bin/codesign exited with 0

2018-07-09 19:55:51 +0000  
2018-07-09 19:55:51 +0000  Entitlements for <IDEDistributionItem: 0x7ff36f158610 'com.apple.dt.runtime.swiftObjectiveC' '<DVTFilePath:0x7ff37a3abfa0:'/Users/miles/Library/Developer/Xcode/Archives/2018-07-09/openIT 7-9-18, 3.55 PM.xcarchive/Products/Applications/openInFirefox.app/Contents/Frameworks/libswiftObjectiveC.dylib'>'>: {
}
2018-07-09 19:55:51 +0000  Writing entitlements for <IDEDistributionItem: 0x7ff36f158610 'com.apple.dt.runtime.swiftObjectiveC' '<DVTFilePath:0x7ff37a3abfa0:'/Users/miles/Library/Developer/Xcode/Archives/2018-07-09/openIT 7-9-18, 3.55 PM.xcarchive/Products/Applications/openInFirefox.app/Contents/Frameworks/libswiftObjectiveC.dylib'>'> to: /var/folders/sf/x886jph909g2wb0b5h79sjsw0000gn/T/XcodeDistPipeline.VLt/entitlementsJ7MAZE
2018-07-09 19:55:51 +0000  Running /usr/bin/codesign '-vvv' '--force' '--sign' '14A23DA294CA9F441C26A424125C27FD0934FECF' '--preserve-metadata=identifier,flags' '--entitlements' '/var/folders/sf/x886jph909g2wb0b5h79sjsw0000gn/T/XcodeDistPipeline.VLt/entitlementsJ7MAZE' '/var/folders/sf/x886jph909g2wb0b5h79sjsw0000gn/T/XcodeDistPipeline.VLt/Root/Applications/openInFirefox.app/Contents/Frameworks/libswiftObjectiveC.dylib'
2018-07-09 19:55:51 +0000  /var/folders/sf/x886jph909g2wb0b5h79sjsw0000gn/T/XcodeDistPipeline.VLt/Root/Applications/openInFirefox.app/Contents/Frameworks/libswiftObjectiveC.dylib: replacing existing signature
2018-07-09 19:55:51 +0000  /var/folders/sf/x886jph909g2wb0b5h79sjsw0000gn/T/XcodeDistPipeline.VLt/Root/Applications/openInFirefox.app/Contents/Frameworks/libswiftObjectiveC.dylib: signed Mach-O thin (x86_64) [com.apple.dt.runtime.swiftObjectiveC]
2018-07-09 19:55:51 +0000  2018-07-09 19:55:51 +0000  

2018-07-09 19:55:51 +0000  /usr/bin/codesign exited with 0
2018-07-09 19:55:51 +0000  
2018-07-09 19:55:51 +0000  
2018-07-09 19:55:51 +0000  Entitlements for <IDEDistributionItem: 0x7ff36e6832d0 'com.apple.dt.runtime.swiftQuartzCore' '<DVTFilePath:0x7ff367ecdf20:'/Users/miles/Library/Developer/Xcode/Archives/2018-07-09/openIT 7-9-18, 3.55 PM.xcarchive/Products/Applications/openInFirefox.app/Contents/Frameworks/libswiftQuartzCore.dylib'>'>: {
}
2018-07-09 19:55:51 +0000  Writing entitlements for <IDEDistributionItem: 0x7ff36e6832d0 'com.apple.dt.runtime.swiftQuartzCore' '<DVTFilePath:0x7ff367ecdf20:'/Users/miles/Library/Developer/Xcode/Archives/2018-07-09/openIT 7-9-18, 3.55 PM.xcarchive/Products/Applications/openInFirefox.app/Contents/Frameworks/libswiftQuartzCore.dylib'>'> to: /var/folders/sf/x886jph909g2wb0b5h79sjsw0000gn/T/XcodeDistPipeline.VLt/entitlementskwZiOT
2018-07-09 19:55:51 +0000  Running /usr/bin/codesign '-vvv' '--force' '--sign' '14A23DA294CA9F441C26A424125C27FD0934FECF' '--preserve-metadata=identifier,flags' '--entitlements' '/var/folders/sf/x886jph909g2wb0b5h79sjsw0000gn/T/XcodeDistPipeline.VLt/entitlementskwZiOT' '/var/folders/sf/x886jph909g2wb0b5h79sjsw0000gn/T/XcodeDistPipeline.VLt/Root/Applications/openInFirefox.app/Contents/Frameworks/libswiftQuartzCore.dylib'
2018-07-09 19:55:51 +0000  /var/folders/sf/x886jph909g2wb0b5h79sjsw0000gn/T/XcodeDistPipeline.VLt/Root/Applications/openInFirefox.app/Contents/Frameworks/libswiftQuartzCore.dylib: replacing existing signature
2018-07-09 19:55:51 +0000  /var/folders/sf/x886jph909g2wb0b5h79sjsw0000gn/T/XcodeDistPipeline.VLt/Root/Applications/openInFirefox.app/Contents/Frameworks/libswiftQuartzCore.dylib: signed Mach-O thin (x86_64) [com.apple.dt.runtime.swiftQuartzCore]
2018-07-09 19:55:51 +0000  
2018-07-09 19:55:51 +0000  
2018-07-09 19:55:51 +0000  /usr/bin/codesign exited with 0
2018-07-09 19:55:51 +0000  
2018-07-09 19:55:51 +0000  
2018-07-09 19:55:51 +0000  Entitlements for <IDEDistributionItem: 0x7ff36ece3360 'com.apple.dt.runtime.swiftXPC' '<DVTFilePath:0x7ff36219f290:'/Users/miles/Library/Developer/Xcode/Archives/2018-07-09/openIT 7-9-18, 3.55 PM.xcarchive/Products/Applications/openInFirefox.app/Contents/Frameworks/libswiftXPC.dylib'>'>: {
}
2018-07-09 19:55:51 +0000  Writing entitlements for <IDEDistributionItem: 0x7ff36ece3360 'com.apple.dt.runtime.swiftXPC' '<DVTFilePath:0x7ff36219f290:'/Users/miles/Library/Developer/Xcode/Archives/2018-07-09/openIT 7-9-18, 3.55 PM.xcarchive/Products/Applications/openInFirefox.app/Contents/Frameworks/libswiftXPC.dylib'>'> to: /var/folders/sf/x886jph909g2wb0b5h79sjsw0000gn/T/XcodeDistPipeline.VLt/entitlementsjYG4bb
2018-07-09 19:55:51 +0000  Running /usr/bin/codesign '-vvv' '--force' '--sign' '14A23DA294CA9F441C26A424125C27FD0934FECF' '--preserve-metadata=identifier,flags' '--entitlements' '/var/folders/sf/x886jph909g2wb0b5h79sjsw0000gn/T/XcodeDistPipeline.VLt/entitlementsjYG4bb' '/var/folders/sf/x886jph909g2wb0b5h79sjsw0000gn/T/XcodeDistPipeline.VLt/Root/Applications/openInFirefox.app/Contents/Frameworks/libswiftXPC.dylib'
2018-07-09 19:55:51 +0000  /var/folders/sf/x886jph909g2wb0b5h79sjsw0000gn/T/XcodeDistPipeline.VLt/Root/Applications/openInFirefox.app/Contents/Frameworks/libswiftXPC.dylib: replacing existing signature
2018-07-09 19:55:51 +0000  /var/folders/sf/x886jph909g2wb0b5h79sjsw0000gn/T/XcodeDistPipeline.VLt/Root/Applications/openInFirefox.app/Contents/Frameworks/libswiftXPC.dylib: signed Mach-O thin (x86_64) [com.apple.dt.runtime.swiftXPC]
2018-07-09 19:55:51 +0000  
2018-07-09 19:55:51 +0000  
2018-07-09 19:55:51 +0000  /usr/bin/codesign exited with 0
2018-07-09 19:55:51 +0000  
2018-07-09 19:55:51 +0000  
2018-07-09 19:55:51 +0000  Entitlements for <IDEDistributionItem: 0x7ff3640e1c40 'com.apple.dt.runtime.swiftos' '<DVTFilePath:0x7ff362772760:'/Users/miles/Library/Developer/Xcode/Archives/2018-07-09/openIT 7-9-18, 3.55 PM.xcarchive/Products/Applications/openInFirefox.app/Contents/Frameworks/libswiftos.dylib'>'>: {
}
2018-07-09 19:55:51 +0000  Writing entitlements for <IDEDistributionItem: 0x7ff3640e1c40 'com.apple.dt.runtime.swiftos' '<DVTFilePath:0x7ff362772760:'/Users/miles/Library/Developer/Xcode/Archives/2018-07-09/openIT 7-9-18, 3.55 PM.xcarchive/Products/Applications/openInFirefox.app/Contents/Frameworks/libswiftos.dylib'>'> to: /var/folders/sf/x886jph909g2wb0b5h79sjsw0000gn/T/XcodeDistPipeline.VLt/entitlementsi58de1
2018-07-09 19:55:51 +0000  Running /usr/bin/codesign '-vvv' '--force' '--sign' '14A23DA294CA9F441C26A424125C27FD0934FECF' '--preserve-metadata=identifier,flags' '--entitlements' '/var/folders/sf/x886jph909g2wb0b5h79sjsw0000gn/T/XcodeDistPipeline.VLt/entitlementsi58de1' '/var/folders/sf/x886jph909g2wb0b5h79sjsw0000gn/T/XcodeDistPipeline.VLt/Root/Applications/openInFirefox.app/Contents/Frameworks/libswiftos.dylib'
2018-07-09 19:55:51 +0000  /var/folders/sf/x886jph909g2wb0b5h79sjsw0000gn/T/XcodeDistPipeline.VLt/Root/Applications/openInFirefox.app/Contents/Frameworks/libswiftos.dylib: replacing existing signature
2018-07-09 19:55:51 +0000  /var/folders/sf/x886jph909g2wb0b5h79sjsw0000gn/T/XcodeDistPipeline.VLt/Root/Applications/openInFirefox.app/Contents/Frameworks/libswiftos.dylib: signed Mach-O thin (x86_64) [com.apple.dt.runtime.swiftos]
2018-07-09 19:55:51 +0000  2018-07-09 19:55:51 +0000  

2018-07-09 19:55:51 +0000  /usr/bin/codesign exited with 0
2018-07-09 19:55:51 +0000  
2018-07-09 19:55:51 +0000  Entitlements for <IDEDistributionItem: 0x7ff379305110 'miles.openInFirefox.openIT' '<DVTFilePath:0x7ff36f234450:'/Users/miles/Library/Developer/Xcode/Archives/2018-07-09/openIT 7-9-18, 3.55 PM.xcarchive/Products/Applications/openInFirefox.app/Contents/PlugIns/openIT.appex'>'>: {
    "com.apple.security.app-sandbox" = 1;
    "com.apple.security.files.user-selected.read-only" = 1;
}
2018-07-09 19:55:51 +0000  Writing entitlements for <IDEDistributionItem: 0x7ff379305110 'miles.openInFirefox.openIT' '<DVTFilePath:0x7ff36f234450:'/Users/miles/Library/Developer/Xcode/Archives/2018-07-09/openIT 7-9-18, 3.55 PM.xcarchive/Products/Applications/openInFirefox.app/Contents/PlugIns/openIT.appex'>'> to: /var/folders/sf/x886jph909g2wb0b5h79sjsw0000gn/T/XcodeDistPipeline.VLt/entitlementsk7SSDN
2018-07-09 19:55:51 +0000  Running /usr/bin/codesign '-vvv' '--force' '--sign' '14A23DA294CA9F441C26A424125C27FD0934FECF' '--preserve-metadata=identifier,flags' '--entitlements' '/var/folders/sf/x886jph909g2wb0b5h79sjsw0000gn/T/XcodeDistPipeline.VLt/entitlementsk7SSDN' '/var/folders/sf/x886jph909g2wb0b5h79sjsw0000gn/T/XcodeDistPipeline.VLt/Root/Applications/openInFirefox.app/Contents/PlugIns/openIT.appex'
2018-07-09 19:55:51 +0000  /var/folders/sf/x886jph909g2wb0b5h79sjsw0000gn/T/XcodeDistPipeline.VLt/Root/Applications/openInFirefox.app/Contents/PlugIns/openIT.appex: replacing existing signature
2018-07-09 19:55:52 +0000  /var/folders/sf/x886jph909g2wb0b5h79sjsw0000gn/T/XcodeDistPipeline.VLt/Root/Applications/openInFirefox.app/Contents/PlugIns/openIT.appex: signed bundle with Mach-O thin (x86_64) [miles.openInFirefox.openIT]
2018-07-09 19:55:52 +0000  2018-07-09 19:55:52 +0000  

2018-07-09 19:55:52 +0000  /usr/bin/codesign exited with 0
2018-07-09 19:55:52 +0000  
2018-07-09 19:55:52 +0000  
2018-07-09 19:55:52 +0000  Entitlements for <IDEDistributionItem: 0x7ff367eead10 'miles.openInFirefox' '<DVTFilePath:0x7ff363f398b0:'/Users/miles/Library/Developer/Xcode/Archives/2018-07-09/openIT 7-9-18, 3.55 PM.xcarchive/Products/Applications/openInFirefox.app'>'>: {
    "com.apple.security.app-sandbox" = 1;
    "com.apple.security.files.user-selected.read-only" = 1;
}
2018-07-09 19:55:52 +0000  Writing entitlements for <IDEDistributionItem: 0x7ff367eead10 'miles.openInFirefox' '<DVTFilePath:0x7ff363f398b0:'/Users/miles/Library/Developer/Xcode/Archives/2018-07-09/openIT 7-9-18, 3.55 PM.xcarchive/Products/Applications/openInFirefox.app'>'> to: /var/folders/sf/x886jph909g2wb0b5h79sjsw0000gn/T/XcodeDistPipeline.VLt/entitlementsVTAnm8
2018-07-09 19:55:52 +0000  Running /usr/bin/codesign '-vvv' '--force' '--sign' '14A23DA294CA9F441C26A424125C27FD0934FECF' '--preserve-metadata=identifier,flags' '--entitlements' '/var/folders/sf/x886jph909g2wb0b5h79sjsw0000gn/T/XcodeDistPipeline.VLt/entitlementsVTAnm8' '/var/folders/sf/x886jph909g2wb0b5h79sjsw0000gn/T/XcodeDistPipeline.VLt/Root/Applications/openInFirefox.app'
2018-07-09 19:55:52 +0000  /var/folders/sf/x886jph909g2wb0b5h79sjsw0000gn/T/XcodeDistPipeline.VLt/Root/Applications/openInFirefox.app: replacing existing signature
2018-07-09 19:55:52 +0000  /var/folders/sf/x886jph909g2wb0b5h79sjsw0000gn/T/XcodeDistPipeline.VLt/Root/Applications/openInFirefox.app: signed app bundle with Mach-O thin (x86_64) [miles.openInFirefox]
2018-07-09 19:55:52 +0000  
2018-07-09 19:55:52 +0000  
2018-07-09 19:55:52 +0000  /usr/bin/codesign exited with 0
2018-07-09 19:55:52 +0000  
2018-07-09 19:55:52 +0000  2018-07-09 19:55:52 +0000  Processing step: IDEDistributionStreamingZipItemStep

2018-07-09 19:55:52 +0000  Skipping step: IDEDistributionStreamingZipItemStep because it said so
2018-07-09 19:55:52 +0000  Skipping step: IDEDistributionStreamingZipItemStep because it said so
2018-07-09 19:55:52 +0000  Skipping step: IDEDistributionStreamingZipItemStep because it said so
2018-07-09 19:55:52 +0000  Skipping step: IDEDistributionStreamingZipItemStep because it said so
2018-07-09 19:55:52 +0000  Skipping step: IDEDistributionStreamingZipItemStep because it said so
2018-07-09 19:55:52 +0000  Skipping step: IDEDistributionStreamingZipItemStep because it said so
2018-07-09 19:55:52 +0000  Skipping step: IDEDistributionStreamingZipItemStep because it said so
2018-07-09 19:55:52 +0000  Skipping step: IDEDistributionStreamingZipItemStep because it said so
2018-07-09 19:55:52 +0000  Skipping step: IDEDistributionStreamingZipItemStep because it said so
2018-07-09 19:55:52 +0000  Skipping step: IDEDistributionStreamingZipItemStep because it said so
2018-07-09 19:55:52 +0000  Skipping step: IDEDistributionStreamingZipItemStep because it said so
2018-07-09 19:55:52 +0000  Skipping step: IDEDistributionStreamingZipItemStep because it said so
2018-07-09 19:55:52 +0000  Skipping step: IDEDistributionStreamingZipItemStep because it said so
2018-07-09 19:55:52 +0000  Skipping step: IDEDistributionStreamingZipItemStep because it said so
2018-07-09 19:55:52 +0000  Skipping step: IDEDistributionStreamingZipItemStep because it said so
2018-07-09 19:55:52 +0000  Skipping step: IDEDistributionStreamingZipItemStep because it said so
2018-07-09 19:55:52 +0000  Skipping step: IDEDistributionStreamingZipItemStep because it said so
2018-07-09 19:55:52 +0000  Processing step: IDEDistributionSkipPackagingStep
2018-07-09 19:55:52 +0000  Processing step: IDEDistributionCreateManifestStep
2018-07-09 19:55:52 +0000  Skipping step: IDEDistributionCreateManifestStep because it said so
